<?xml version="1.0" encoding="UTF-8"?>
<!-- Generated by org.testng.reporters.JUnitReportReporter -->
<testsuite skipped="1" hostname="DESKTOP-93CM2VI" name="Target.TestTargetMenuNav" tests="1" failures="0" timestamp="4 Apr 2021 03:08:37 GMT" time="0.000" errors="0">
  <testcase name="regressionWhatsNewNav" time="0.000" classname="Target.TestTargetMenuNav">
    <skipped/>
  </testcase> <!-- regressionWhatsNewNav -->
</testsuite> <!-- Target.TestTargetMenuNav -->
