<?xml version="1.0" encoding="UTF-8"?>
<!-- Generated by org.testng.reporters.JUnitReportReporter -->
<testsuite skipped="2" hostname="DESKTOP-93CM2VI" name="Target.TestTargetPasswordRecoveryPage" tests="2" failures="0" timestamp="4 Apr 2021 03:08:37 GMT" time="0.001" errors="0">
  <testcase name="testFakePasswordRecovery" time="0.001" classname="Target.TestTargetPasswordRecoveryPage">
    <skipped/>
  </testcase> <!-- testFakePasswordRecovery -->
  <testcase name="testPasswordRecovery" time="0.000" classname="Target.TestTargetPasswordRecoveryPage">
    <skipped/>
  </testcase> <!-- testPasswordRecovery -->
</testsuite> <!-- Target.TestTargetPasswordRecoveryPage -->
