<?xml version="1.0" encoding="UTF-8"?>
<!-- Generated by org.testng.reporters.JUnitReportReporter -->
<testsuite skipped="2" hostname="DESKTOP-93CM2VI" name="Target.TestTargetDetailPage" tests="2" failures="0" timestamp="4 Apr 2021 03:08:37 GMT" time="0.000" errors="0">
  <testcase name="testNotDetailFoundItem" time="0.000" classname="Target.TestTargetDetailPage">
    <skipped/>
  </testcase> <!-- testNotDetailFoundItem -->
  <testcase name="testDisplayDetailItem" time="0.000" classname="Target.TestTargetDetailPage">
    <skipped/>
  </testcase> <!-- testDisplayDetailItem -->
</testsuite> <!-- Target.TestTargetDetailPage -->
