<?xml version="1.0" encoding="UTF-8"?>
<!-- Generated by org.testng.reporters.JUnitReportReporter -->
<testsuite skipped="5" hostname="DESKTOP-93CM2VI" name="Target.TestTargetSearchPage" tests="5" failures="0" timestamp="4 Apr 2021 03:08:37 GMT" time="0.000" errors="0">
  <testcase name="testSupportTypoItem" time="0.000" classname="Target.TestTargetSearchPage">
    <skipped/>
  </testcase> <!-- testSupportTypoItem -->
  <testcase name="testSearchItem" time="0.000" classname="Target.TestTargetSearchPage">
    <skipped/>
  </testcase> <!-- testSearchItem -->
  <testcase name="testSearchCategory" time="0.000" classname="Target.TestTargetSearchPage">
    <skipped/>
  </testcase> <!-- testSearchCategory -->
  <testcase name="testDisplayCategory" time="0.000" classname="Target.TestTargetSearchPage">
    <skipped/>
  </testcase> <!-- testDisplayCategory -->
  <testcase name="testCategoryNotFound" time="0.000" classname="Target.TestTargetSearchPage">
    <skipped/>
  </testcase> <!-- testCategoryNotFound -->
</testsuite> <!-- Target.TestTargetSearchPage -->
