<?xml version="1.0" encoding="UTF-8"?>
<!-- Generated by org.testng.reporters.JUnitReportReporter -->
<testsuite skipped="4" hostname="DESKTOP-93CM2VI" name="Target.TestTargetFavoritePage" tests="4" failures="0" timestamp="4 Apr 2021 03:08:37 GMT" time="0.000" errors="0">
  <testcase name="testFavoriteSaveRemove" time="0.000" classname="Target.TestTargetFavoritePage">
    <skipped/>
  </testcase> <!-- testFavoriteSaveRemove -->
  <testcase name="testFavoriteSave" time="0.000" classname="Target.TestTargetFavoritePage">
    <skipped/>
  </testcase> <!-- testFavoriteSave -->
  <testcase name="testFavoriteSaveDisplay" time="0.000" classname="Target.TestTargetFavoritePage">
    <skipped/>
  </testcase> <!-- testFavoriteSaveDisplay -->
  <testcase name="testFavoriteSaveRemoveDisplay" time="0.000" classname="Target.TestTargetFavoritePage">
    <skipped/>
  </testcase> <!-- testFavoriteSaveRemoveDisplay -->
</testsuite> <!-- Target.TestTargetFavoritePage -->
