<?xml version="1.0" encoding="UTF-8"?>
<!-- Generated by org.testng.reporters.JUnitReportReporter -->
<testsuite skipped="2" hostname="DESKTOP-93CM2VI" name="Target.TestTargetCategories" tests="2" failures="0" timestamp="4 Apr 2021 03:08:37 GMT" time="0.000" errors="0">
  <testcase name="regressionClothesFilters" time="0.000" classname="Target.TestTargetCategories">
    <skipped/>
  </testcase> <!-- regressionClothesFilters -->
  <testcase name="regressionDeliveryFilters" time="0.000" classname="Target.TestTargetCategories">
    <skipped/>
  </testcase> <!-- regressionDeliveryFilters -->
</testsuite> <!-- Target.TestTargetCategories -->
